app/build/intermediates/manifest_merge_blame_file/debug/manifest-merger-blame-debug-report.txt
1<?xml version="1.0" encoding="utf-8"?>
2<manifest xmlns:android="http://schemas.android.com/apk/res/android"
3    package="com.sravan.quizadmin"
4    android:versionCode="1"
5    android:versionName="1.0" >
6
7    <uses-sdk
8        android:minSdkVersion="23"
8-->src\main\AndroidManifest.xml
9        android:targetSdkVersion="30" />
9-->src\main\AndroidManifest.xml
10
11    <uses-permission android:name="android.permission.INTERNET" />
11-->src\main\AndroidManifest.xml:5:5-67
11-->src\main\AndroidManifest.xml:5:22-64
12
13    <!-- Although the *SdkVersion is captured in gradle build files, this is required for non gradle builds -->
14    <!-- <uses-sdk android:minSdkVersion="14" /> -->
15    <uses-permission android:name="android.permission.ACCESS_NETWORK_STATE" />
15-->[com.google.firebase:firebase-firestore:22.0.1] AndroidManifest.xml:13:5-79
15-->[com.google.firebase:firebase-firestore:22.0.1] AndroidManifest.xml:13:22-76
16
17    <application
17-->src\main\AndroidManifest.xml:7:5-22:19
18        android:allowBackup="true"
18-->src\main\AndroidManifest.xml:8:9-35
19        android:appComponentFactory="androidx.core.app.CoreComponentFactory"
19-->[androidx.core:core:1.1.0] AndroidManifest.xml:24:18-86
20        android:debuggable="true"
21        android:extractNativeLibs="false"
22        android:icon="@mipmap/ic_launcher"
22-->src\main\AndroidManifest.xml:9:9-43
23        android:label="@string/app_name"
23-->src\main\AndroidManifest.xml:10:9-41
24        android:roundIcon="@mipmap/ic_launcher_round"
24-->src\main\AndroidManifest.xml:11:9-54
25        android:supportsRtl="true"
25-->src\main\AndroidManifest.xml:12:9-35
26        android:testOnly="true"
27        android:theme="@style/Theme.QuizAdmin" >
27-->src\main\AndroidManifest.xml:13:9-47
28        <activity android:name="com.sravan.quizadmin.CategoryActivity" />
28-->src\main\AndroidManifest.xml:14:9-63
28-->src\main\AndroidManifest.xml:14:19-51
29        <activity android:name="com.sravan.quizadmin.MainActivity" >
29-->src\main\AndroidManifest.xml:15:9-21:20
29-->src\main\AndroidManifest.xml:15:19-47
30            <intent-filter>
30-->src\main\AndroidManifest.xml:16:13-20:29
31                <action android:name="android.intent.action.MAIN" />
31-->src\main\AndroidManifest.xml:17:17-69
31-->src\main\AndroidManifest.xml:17:25-66
32
33                <category android:name="android.intent.category.LAUNCHER" />
33-->src\main\AndroidManifest.xml:19:17-77
33-->src\main\AndroidManifest.xml:19:27-74
34            </intent-filter>
35        </activity>
36
37        <service
37-->[com.google.firebase:firebase-firestore:22.0.1] AndroidManifest.xml:17:9-23:19
38            android:name="com.google.firebase.components.ComponentDiscoveryService"
38-->[com.google.firebase:firebase-firestore:22.0.1] AndroidManifest.xml:18:13-84
39            android:directBootAware="true"
39-->[com.google.firebase:firebase-common:19.5.0] AndroidManifest.xml:35:13-43
40            android:exported="false" >
40-->[com.google.firebase:firebase-firestore:22.0.1] AndroidManifest.xml:19:13-37
41            <meta-data
41-->[com.google.firebase:firebase-firestore:22.0.1] AndroidManifest.xml:20:13-22:85
42                android:name="com.google.firebase.components:com.google.firebase.firestore.FirestoreRegistrar"
42-->[com.google.firebase:firebase-firestore:22.0.1] AndroidManifest.xml:21:17-111
43                android:value="com.google.firebase.components.ComponentRegistrar" />
43-->[com.google.firebase:firebase-firestore:22.0.1] AndroidManifest.xml:22:17-82
44            <meta-data
44-->[com.google.firebase:firebase-auth:20.0.1] AndroidManifest.xml:77:13-79:85
45                android:name="com.google.firebase.components:com.google.firebase.auth.FirebaseAuthRegistrar"
45-->[com.google.firebase:firebase-auth:20.0.1] AndroidManifest.xml:78:17-109
46                android:value="com.google.firebase.components.ComponentRegistrar" />
46-->[com.google.firebase:firebase-auth:20.0.1] AndroidManifest.xml:79:17-82
47            <!--
48                This registrar is not defined in the dynamic-module-support sdk itself to allow non-firebase
49                clients to use it as well, by defining this registrar in their own core/common library.
50            -->
51            <meta-data
51-->[com.google.firebase:firebase-common:19.5.0] AndroidManifest.xml:43:13-45:85
52                android:name="com.google.firebase.components:com.google.firebase.dynamicloading.DynamicLoadingRegistrar"
52-->[com.google.firebase:firebase-common:19.5.0] AndroidManifest.xml:44:17-121
53                android:value="com.google.firebase.components.ComponentRegistrar" />
53-->[com.google.firebase:firebase-common:19.5.0] AndroidManifest.xml:45:17-82
54        </service>
55
56        <activity
56-->[com.google.firebase:firebase-auth:20.0.1] AndroidManifest.xml:27:9-44:20
57            android:name="com.google.firebase.auth.internal.GenericIdpActivity"
57-->[com.google.firebase:firebase-auth:20.0.1] AndroidManifest.xml:28:13-80
58            android:excludeFromRecents="true"
58-->[com.google.firebase:firebase-auth:20.0.1] AndroidManifest.xml:29:13-46
59            android:exported="true"
59-->[com.google.firebase:firebase-auth:20.0.1] AndroidManifest.xml:30:13-36
60            android:launchMode="singleTask"
60-->[com.google.firebase:firebase-auth:20.0.1] AndroidManifest.xml:31:13-44
61            android:theme="@android:style/Theme.Translucent.NoTitleBar" >
61-->[com.google.firebase:firebase-auth:20.0.1] AndroidManifest.xml:32:13-72
62            <intent-filter>
62-->[com.google.firebase:firebase-auth:20.0.1] AndroidManifest.xml:33:13-43:29
63                <action android:name="android.intent.action.VIEW" />
63-->[com.google.firebase:firebase-auth:20.0.1] AndroidManifest.xml:34:17-69
63-->[com.google.firebase:firebase-auth:20.0.1] AndroidManifest.xml:34:25-66
64
65                <category android:name="android.intent.category.DEFAULT" />
65-->[com.google.firebase:firebase-auth:20.0.1] AndroidManifest.xml:36:17-76
65-->[com.google.firebase:firebase-auth:20.0.1] AndroidManifest.xml:36:27-73
66                <category android:name="android.intent.category.BROWSABLE" />
66-->[com.google.firebase:firebase-auth:20.0.1] AndroidManifest.xml:37:17-78
66-->[com.google.firebase:firebase-auth:20.0.1] AndroidManifest.xml:37:27-75
67
68                <data
68-->[com.google.firebase:firebase-auth:20.0.1] AndroidManifest.xml:39:17-42:51
69                    android:host="firebase.auth"
69-->[com.google.firebase:firebase-auth:20.0.1] AndroidManifest.xml:40:21-49
70                    android:path="/"
70-->[com.google.firebase:firebase-auth:20.0.1] AndroidManifest.xml:41:21-37
71                    android:scheme="genericidp" />
71-->[com.google.firebase:firebase-auth:20.0.1] AndroidManifest.xml:42:21-48
72            </intent-filter>
73        </activity>
74        <activity
74-->[com.google.firebase:firebase-auth:20.0.1] AndroidManifest.xml:45:9-62:20
75            android:name="com.google.firebase.auth.internal.RecaptchaActivity"
75-->[com.google.firebase:firebase-auth:20.0.1] AndroidManifest.xml:46:13-79
76            android:excludeFromRecents="true"
76-->[com.google.firebase:firebase-auth:20.0.1] AndroidManifest.xml:47:13-46
77            android:exported="true"
77-->[com.google.firebase:firebase-auth:20.0.1] AndroidManifest.xml:48:13-36
78            android:launchMode="singleTask"
78-->[com.google.firebase:firebase-auth:20.0.1] AndroidManifest.xml:49:13-44
79            android:theme="@android:style/Theme.Translucent.NoTitleBar" >
79-->[com.google.firebase:firebase-auth:20.0.1] AndroidManifest.xml:50:13-72
80            <intent-filter>
80-->[com.google.firebase:firebase-auth:20.0.1] AndroidManifest.xml:51:13-61:29
81                <action android:name="android.intent.action.VIEW" />
81-->[com.google.firebase:firebase-auth:20.0.1] AndroidManifest.xml:34:17-69
81-->[com.google.firebase:firebase-auth:20.0.1] AndroidManifest.xml:34:25-66
82
83                <category android:name="android.intent.category.DEFAULT" />
83-->[com.google.firebase:firebase-auth:20.0.1] AndroidManifest.xml:36:17-76
83-->[com.google.firebase:firebase-auth:20.0.1] AndroidManifest.xml:36:27-73
84                <category android:name="android.intent.category.BROWSABLE" />
84-->[com.google.firebase:firebase-auth:20.0.1] AndroidManifest.xml:37:17-78
84-->[com.google.firebase:firebase-auth:20.0.1] AndroidManifest.xml:37:27-75
85
86                <data
86-->[com.google.firebase:firebase-auth:20.0.1] AndroidManifest.xml:39:17-42:51
87                    android:host="firebase.auth"
87-->[com.google.firebase:firebase-auth:20.0.1] AndroidManifest.xml:40:21-49
88                    android:path="/"
88-->[com.google.firebase:firebase-auth:20.0.1] AndroidManifest.xml:41:21-37
89                    android:scheme="recaptcha" />
89-->[com.google.firebase:firebase-auth:20.0.1] AndroidManifest.xml:42:21-48
90            </intent-filter>
91        </activity>
92
93        <service
93-->[com.google.firebase:firebase-auth:20.0.1] AndroidManifest.xml:64:9-73:19
94            android:name="com.google.firebase.auth.api.fallback.service.FirebaseAuthFallbackService"
94-->[com.google.firebase:firebase-auth:20.0.1] AndroidManifest.xml:65:13-101
95            android:enabled="true"
95-->[com.google.firebase:firebase-auth:20.0.1] AndroidManifest.xml:66:13-35
96            android:exported="false" >
96-->[com.google.firebase:firebase-auth:20.0.1] AndroidManifest.xml:67:13-37
97            <intent-filter>
97-->[com.google.firebase:firebase-auth:20.0.1] AndroidManifest.xml:68:13-72:29
98                <action android:name="com.google.firebase.auth.api.gms.service.START" />
98-->[com.google.firebase:firebase-auth:20.0.1] AndroidManifest.xml:69:17-89
98-->[com.google.firebase:firebase-auth:20.0.1] AndroidManifest.xml:69:25-86
99
100                <category android:name="android.intent.category.DEFAULT" />
100-->[com.google.firebase:firebase-auth:20.0.1] AndroidManifest.xml:36:17-76
100-->[com.google.firebase:firebase-auth:20.0.1] AndroidManifest.xml:36:27-73
101            </intent-filter>
102        </service>
103
104        <provider
104-->[com.google.firebase:firebase-common:19.5.0] AndroidManifest.xml:26:9-31:39
105            android:name="com.google.firebase.provider.FirebaseInitProvider"
105-->[com.google.firebase:firebase-common:19.5.0] AndroidManifest.xml:27:13-77
106            android:authorities="com.sravan.quizadmin.firebaseinitprovider"
106-->[com.google.firebase:firebase-common:19.5.0] AndroidManifest.xml:28:13-72
107            android:directBootAware="true"
107-->[com.google.firebase:firebase-common:19.5.0] AndroidManifest.xml:29:13-43
108            android:exported="false"
108-->[com.google.firebase:firebase-common:19.5.0] AndroidManifest.xml:30:13-37
109            android:initOrder="100" />
109-->[com.google.firebase:firebase-common:19.5.0] AndroidManifest.xml:31:13-36
110
111        <activity
111-->[com.google.android.gms:play-services-base:17.1.0] AndroidManifest.xml:23:9-26:75
112            android:name="com.google.android.gms.common.api.GoogleApiActivity"
112-->[com.google.android.gms:play-services-base:17.1.0] AndroidManifest.xml:24:13-79
113            android:exported="false"
113-->[com.google.android.gms:play-services-base:17.1.0] AndroidManifest.xml:25:13-37
114            android:theme="@android:style/Theme.Translucent.NoTitleBar" />
114-->[com.google.android.gms:play-services-base:17.1.0] AndroidManifest.xml:26:13-72
115
116        <meta-data
116-->[com.google.android.gms:play-services-basement:17.1.0] AndroidManifest.xml:23:9-25:69
117            android:name="com.google.android.gms.version"
117-->[com.google.android.gms:play-services-basement:17.1.0] AndroidManifest.xml:24:13-58
118            android:value="@integer/google_play_services_version" />
118-->[com.google.android.gms:play-services-basement:17.1.0] AndroidManifest.xml:25:13-66
119    </application>
120
121</manifest>